<?xml version="1.0" encoding="UTF-8"?>
<testng-results skipped="0" failed="0" ignored="0" total="1" passed="1">
  <reporter-output>
  </reporter-output>
  <suite name="Default suite" duration-ms="3586" started-at="2021-09-21T01:30:58Z" finished-at="2021-09-21T01:31:02Z">
    <groups>
    </groups>
    <test name="Default test" duration-ms="3586" started-at="2021-09-21T01:30:58Z" finished-at="2021-09-21T01:31:02Z">
      <class name="testCases.GET_Read_All_Products">
        <test-method status="PASS" signature="get_Read_All_Products()[pri:0, instance:testCases.GET_Read_All_Products@71b1176b]" name="get_Read_All_Products" duration-ms="3532" started-at="2021-09-21T01:30:58Z" finished-at="2021-09-21T01:31:02Z">
          <reporter-output>
          </reporter-output>
        </test-method> <!-- get_Read_All_Products -->
      </class> <!-- testCases.GET_Read_All_Products -->
    </test> <!-- Default test -->
  </suite> <!-- Default suite -->
</testng-results>
